c:\users\administrator\desktop\work\work1\work1\debug\vc141.pdb
c:\users\administrator\desktop\work\work1\work1\debug\vc141.idb
c:\users\administrator\desktop\work\work1\work1\debug\service.pb.obj
c:\users\administrator\desktop\work\work1\work1\debug\client.pb.obj
c:\users\administrator\desktop\work\work1\work1\debug\main.obj
c:\users\administrator\desktop\work\work1\work1\debug\response.obj
c:\users\administrator\desktop\work\work1\work1\debug\respondmsg.pb.obj
c:\users\administrator\desktop\work\work1\work1\debug\requestmsg.pb.obj
c:\users\administrator\desktop\work\work1\work1\debug\message.pb.obj
c:\users\administrator\desktop\work\work1\work1\debug\codec.obj
c:\users\administrator\desktop\work\work1\work1\debug\request.obj
c:\users\administrator\desktop\work\work1\debug\work1.exe
c:\users\administrator\desktop\work\work1\debug\work1.ilk
c:\users\administrator\desktop\work\work1\debug\work1.pdb
c:\users\administrator\desktop\work\work1\work1\debug\work1.tlog\cl.command.1.tlog
c:\users\administrator\desktop\work\work1\work1\debug\work1.tlog\cl.read.1.tlog
c:\users\administrator\desktop\work\work1\work1\debug\work1.tlog\cl.write.1.tlog
c:\users\administrator\desktop\work\work1\work1\debug\work1.tlog\link.command.1.tlog
c:\users\administrator\desktop\work\work1\work1\debug\work1.tlog\link.read.1.tlog
c:\users\administrator\desktop\work\work1\work1\debug\work1.tlog\link.write.1.tlog
